
Counting Word Freqs...
[nltk_data] Downloading package vader_lexicon to
[nltk_data]     /home/apsurek/nltk_data...
[nltk_data]   Package vader_lexicon is already up-to-date!
Working on crisis def kr
Working on  argentina
	Working on fed_pos
	Working on fed_neg
	Working on w2v_pos
	Working on w2v_neg
	Working on w2v_refined_2_pos
	Working on w2v_refined_2_neg
	Working on vader_pos
	Working on vader_neg
	Working on tb_polarity
	Working on tb_is_positive
	Working on tb_subjectivity
	Working on afinn_score
	Working on affin_is_positive
	Working on num_doc
	Working on vader_is_pos
	Working on vader_pos_x_fed_pos
	Working on vader_neg_x_fed_neg
	Working on vader_is_pos_x_fed_pos
	Working on vader_is_neg_x_fed_neg
	Working on textblob_polar_x_fed_pos
	Working on textblob_polar_x_fed_neg
	Working on textblob_is_pos_x_fed_pos
	Working on textblob_is_neg_x_fed_neg
	Working on afinn_score_x_fed_pos
	Working on afinn_score_x_fed_neg
	Working on afinn_is_pos_x_fed_pos
	Working on afinn_is_neg_x_fed_neg
	Working on vader_pos_x_w2v_pos
	Working on vader_neg_x_w2v_neg
	Working on vader_is_pos_x_w2v_pos
	Working on vader_is_neg_x_w2v_neg
	Working on textblob_polar_x_w2v_pos
	Working on textblob_polar_x_w2v_neg
	Working on textblob_is_pos_x_w2v_pos
	Working on textblob_is_neg_x_w2v_neg
	Working on afinn_score_x_w2v_pos
	Working on afinn_score_x_w2v_neg
	Working on afinn_is_pos_x_w2v_pos
	Working on afinn_is_neg_x_w2v_neg
	Working on vader_pos_x_w2v_refined_2_pos
	Working on vader_neg_x_w2v_refined_2_neg
	Working on vader_is_pos_x_w2v_refined_2_pos
	Working on vader_is_neg_x_w2v_refined_2_neg
	Working on textblob_polar_x_w2v_refined_2_pos
	Working on textblob_polar_x_w2v_refined_2_neg
	Working on textblob_is_pos_x_w2v_refined_2_pos
	Working on textblob_is_neg_x_w2v_refined_2_neg
	Working on afinn_score_x_w2v_refined_2_pos
	Working on afinn_score_x_w2v_refined_2_neg
	Working on afinn_is_pos_x_w2v_refined_2_pos
	Working on afinn_is_neg_x_w2v_refined_2_neg
Saved argentina at /data/News_data_raw/FT_WD_research/eval/word_defs/indecy_eval/argentina_sentiment_eval_on_kr_crisis_def.csv
Working on  bolivia
	Working on fed_pos
	Working on fed_neg
	Working on w2v_pos
	Working on w2v_neg
	Working on w2v_refined_2_pos
	Working on w2v_refined_2_neg
	Working on vader_pos
	Working on vader_neg
	Working on tb_polarity
	Working on tb_is_positive
	Working on tb_subjectivity
	Working on afinn_score
	Working on affin_is_positive
	Working on num_doc
	Working on vader_is_pos
	Working on vader_pos_x_fed_pos
	Working on vader_neg_x_fed_neg
	Working on vader_is_pos_x_fed_pos
	Working on vader_is_neg_x_fed_neg
	Working on textblob_polar_x_fed_pos
	Working on textblob_polar_x_fed_neg
	Working on textblob_is_pos_x_fed_pos
	Working on textblob_is_neg_x_fed_neg
	Working on afinn_score_x_fed_pos
	Working on afinn_score_x_fed_neg
	Working on afinn_is_pos_x_fed_pos
	Working on afinn_is_neg_x_fed_neg
	Working on vader_pos_x_w2v_pos
	Working on vader_neg_x_w2v_neg
	Working on vader_is_pos_x_w2v_pos
	Working on vader_is_neg_x_w2v_neg
	Working on textblob_polar_x_w2v_pos
	Working on textblob_polar_x_w2v_neg
	Working on textblob_is_pos_x_w2v_pos
	Working on textblob_is_neg_x_w2v_neg
	Working on afinn_score_x_w2v_pos
	Working on afinn_score_x_w2v_neg
	Working on afinn_is_pos_x_w2v_pos
	Working on afinn_is_neg_x_w2v_neg
	Working on vader_pos_x_w2v_refined_2_pos
	Working on vader_neg_x_w2v_refined_2_neg
	Working on vader_is_pos_x_w2v_refined_2_pos
	Working on vader_is_neg_x_w2v_refined_2_neg
	Working on textblob_polar_x_w2v_refined_2_pos
	Working on textblob_polar_x_w2v_refined_2_neg
	Working on textblob_is_pos_x_w2v_refined_2_pos
	Working on textblob_is_neg_x_w2v_refined_2_neg
	Working on afinn_score_x_w2v_refined_2_pos
	Working on afinn_score_x_w2v_refined_2_neg
	Working on afinn_is_pos_x_w2v_refined_2_pos
	Working on afinn_is_neg_x_w2v_refined_2_neg
Saved bolivia at /data/News_data_raw/FT_WD_research/eval/word_defs/indecy_eval/bolivia_sentiment_eval_on_kr_crisis_def.csv
Working on  brazil
	Working on fed_pos
	Working on fed_neg
	Working on w2v_pos
	Working on w2v_neg
	Working on w2v_refined_2_pos
	Working on w2v_refined_2_neg
	Working on vader_pos
	Working on vader_neg
	Working on tb_polarity
	Working on tb_is_positive
	Working on tb_subjectivity
	Working on afinn_score
	Working on affin_is_positive
	Working on num_doc
	Working on vader_is_pos
	Working on vader_pos_x_fed_pos
	Working on vader_neg_x_fed_neg
	Working on vader_is_pos_x_fed_pos
	Working on vader_is_neg_x_fed_neg
	Working on textblob_polar_x_fed_pos
	Working on textblob_polar_x_fed_neg
	Working on textblob_is_pos_x_fed_pos
	Working on textblob_is_neg_x_fed_neg
	Working on afinn_score_x_fed_pos
	Working on afinn_score_x_fed_neg
	Working on afinn_is_pos_x_fed_pos
	Working on afinn_is_neg_x_fed_neg
	Working on vader_pos_x_w2v_pos
	Working on vader_neg_x_w2v_neg
	Working on vader_is_pos_x_w2v_pos
	Working on vader_is_neg_x_w2v_neg
	Working on textblob_polar_x_w2v_pos
	Working on textblob_polar_x_w2v_neg
	Working on textblob_is_pos_x_w2v_pos
	Working on textblob_is_neg_x_w2v_neg
	Working on afinn_score_x_w2v_pos
	Working on afinn_score_x_w2v_neg
	Working on afinn_is_pos_x_w2v_pos
	Working on afinn_is_neg_x_w2v_neg
	Working on vader_pos_x_w2v_refined_2_pos
	Working on vader_neg_x_w2v_refined_2_neg
	Working on vader_is_pos_x_w2v_refined_2_pos
	Working on vader_is_neg_x_w2v_refined_2_neg
	Working on textblob_polar_x_w2v_refined_2_pos
	Working on textblob_polar_x_w2v_refined_2_neg
	Working on textblob_is_pos_x_w2v_refined_2_pos
	Working on textblob_is_neg_x_w2v_refined_2_neg
	Working on afinn_score_x_w2v_refined_2_pos
	Working on afinn_score_x_w2v_refined_2_neg
	Working on afinn_is_pos_x_w2v_refined_2_pos
	Working on afinn_is_neg_x_w2v_refined_2_neg
Saved brazil at /data/News_data_raw/FT_WD_research/eval/word_defs/indecy_eval/brazil_sentiment_eval_on_kr_crisis_def.csv
Working on  chile
	Working on fed_pos
	Working on fed_neg
	Working on w2v_pos
	Working on w2v_neg
	Working on w2v_refined_2_pos
	Working on w2v_refined_2_neg
	Working on vader_pos
	Working on vader_neg
	Working on tb_polarity
	Working on tb_is_positive
	Working on tb_subjectivity
	Working on afinn_score
	Working on affin_is_positive
	Working on num_doc
	Working on vader_is_pos
	Working on vader_pos_x_fed_pos
	Working on vader_neg_x_fed_neg
	Working on vader_is_pos_x_fed_pos
	Working on vader_is_neg_x_fed_neg
	Working on textblob_polar_x_fed_pos
	Working on textblob_polar_x_fed_neg
	Working on textblob_is_pos_x_fed_pos
	Working on textblob_is_neg_x_fed_neg
	Working on afinn_score_x_fed_pos
	Working on afinn_score_x_fed_neg
	Working on afinn_is_pos_x_fed_pos
	Working on afinn_is_neg_x_fed_neg
	Working on vader_pos_x_w2v_pos
	Working on vader_neg_x_w2v_neg
	Working on vader_is_pos_x_w2v_pos
	Working on vader_is_neg_x_w2v_neg
	Working on textblob_polar_x_w2v_pos
	Working on textblob_polar_x_w2v_neg
	Working on textblob_is_pos_x_w2v_pos
	Working on textblob_is_neg_x_w2v_neg
	Working on afinn_score_x_w2v_pos
	Working on afinn_score_x_w2v_neg
	Working on afinn_is_pos_x_w2v_pos
	Working on afinn_is_neg_x_w2v_neg
	Working on vader_pos_x_w2v_refined_2_pos
	Working on vader_neg_x_w2v_refined_2_neg
	Working on vader_is_pos_x_w2v_refined_2_pos
	Working on vader_is_neg_x_w2v_refined_2_neg
	Working on textblob_polar_x_w2v_refined_2_pos
	Working on textblob_polar_x_w2v_refined_2_neg
	Working on textblob_is_pos_x_w2v_refined_2_pos
	Working on textblob_is_neg_x_w2v_refined_2_neg
	Working on afinn_score_x_w2v_refined_2_pos
	Working on afinn_score_x_w2v_refined_2_neg
	Working on afinn_is_pos_x_w2v_refined_2_pos
	Working on afinn_is_neg_x_w2v_refined_2_neg
Saved chile at /data/News_data_raw/FT_WD_research/eval/word_defs/indecy_eval/chile_sentiment_eval_on_kr_crisis_def.csv
Working on  colombia
	Working on fed_pos
	Working on fed_neg
	Working on w2v_pos
	Working on w2v_neg
	Working on w2v_refined_2_pos
	Working on w2v_refined_2_neg
	Working on vader_pos
	Working on vader_neg
	Working on tb_polarity
	Working on tb_is_positive
	Working on tb_subjectivity
	Working on afinn_score
	Working on affin_is_positive
	Working on num_doc
	Working on vader_is_pos
	Working on vader_pos_x_fed_pos
	Working on vader_neg_x_fed_neg
	Working on vader_is_pos_x_fed_pos
	Working on vader_is_neg_x_fed_neg
	Working on textblob_polar_x_fed_pos
	Working on textblob_polar_x_fed_neg
	Working on textblob_is_pos_x_fed_pos
	Working on textblob_is_neg_x_fed_neg
	Working on afinn_score_x_fed_pos
	Working on afinn_score_x_fed_neg
	Working on afinn_is_pos_x_fed_pos
	Working on afinn_is_neg_x_fed_neg
	Working on vader_pos_x_w2v_pos
	Working on vader_neg_x_w2v_neg
	Working on vader_is_pos_x_w2v_pos
	Working on vader_is_neg_x_w2v_neg
	Working on textblob_polar_x_w2v_pos
	Working on textblob_polar_x_w2v_neg
	Working on textblob_is_pos_x_w2v_pos
	Working on textblob_is_neg_x_w2v_neg
	Working on afinn_score_x_w2v_pos
	Working on afinn_score_x_w2v_neg
	Working on afinn_is_pos_x_w2v_pos
	Working on afinn_is_neg_x_w2v_neg
	Working on vader_pos_x_w2v_refined_2_pos
	Working on vader_neg_x_w2v_refined_2_neg
	Working on vader_is_pos_x_w2v_refined_2_pos
	Working on vader_is_neg_x_w2v_refined_2_neg
	Working on textblob_polar_x_w2v_refined_2_pos
	Working on textblob_polar_x_w2v_refined_2_neg
	Working on textblob_is_pos_x_w2v_refined_2_pos
	Working on textblob_is_neg_x_w2v_refined_2_neg
	Working on afinn_score_x_w2v_refined_2_pos
	Working on afinn_score_x_w2v_refined_2_neg
	Working on afinn_is_pos_x_w2v_refined_2_pos
	Working on afinn_is_neg_x_w2v_refined_2_neg
Saved colombia at /data/News_data_raw/FT_WD_research/eval/word_defs/indecy_eval/colombia_sentiment_eval_on_kr_crisis_def.csv
Working on  denmark
	Working on fed_pos
	Working on fed_neg
	Working on w2v_pos
	Working on w2v_neg
	Working on w2v_refined_2_pos
	Working on w2v_refined_2_neg
	Working on vader_pos
	Working on vader_neg
	Working on tb_polarity
	Working on tb_is_positive
	Working on tb_subjectivity
	Working on afinn_score
	Working on affin_is_positive
	Working on num_doc
	Working on vader_is_pos
	Working on vader_pos_x_fed_pos
	Working on vader_neg_x_fed_neg
	Working on vader_is_pos_x_fed_pos
	Working on vader_is_neg_x_fed_neg
	Working on textblob_polar_x_fed_pos
	Working on textblob_polar_x_fed_neg
	Working on textblob_is_pos_x_fed_pos
	Working on textblob_is_neg_x_fed_neg
	Working on afinn_score_x_fed_pos
	Working on afinn_score_x_fed_neg
	Working on afinn_is_pos_x_fed_pos
	Working on afinn_is_neg_x_fed_neg
	Working on vader_pos_x_w2v_pos
	Working on vader_neg_x_w2v_neg
	Working on vader_is_pos_x_w2v_pos
	Working on vader_is_neg_x_w2v_neg
	Working on textblob_polar_x_w2v_pos
	Working on textblob_polar_x_w2v_neg
	Working on textblob_is_pos_x_w2v_pos
	Working on textblob_is_neg_x_w2v_neg
	Working on afinn_score_x_w2v_pos
	Working on afinn_score_x_w2v_neg
	Working on afinn_is_pos_x_w2v_pos
	Working on afinn_is_neg_x_w2v_neg
	Working on vader_pos_x_w2v_refined_2_pos
	Working on vader_neg_x_w2v_refined_2_neg
	Working on vader_is_pos_x_w2v_refined_2_pos
	Working on vader_is_neg_x_w2v_refined_2_neg
	Working on textblob_polar_x_w2v_refined_2_pos
	Working on textblob_polar_x_w2v_refined_2_neg
	Working on textblob_is_pos_x_w2v_refined_2_pos
	Working on textblob_is_neg_x_w2v_refined_2_neg
	Working on afinn_score_x_w2v_refined_2_pos
	Working on afinn_score_x_w2v_refined_2_neg
	Working on afinn_is_pos_x_w2v_refined_2_pos
	Working on afinn_is_neg_x_w2v_refined_2_neg
Saved denmark at /data/News_data_raw/FT_WD_research/eval/word_defs/indecy_eval/denmark_sentiment_eval_on_kr_crisis_def.csv
Working on  finland
	Working on fed_pos
	Working on fed_neg
	Working on w2v_pos
	Working on w2v_neg
	Working on w2v_refined_2_pos
	Working on w2v_refined_2_neg
	Working on vader_pos
	Working on vader_neg
	Working on tb_polarity
	Working on tb_is_positive
	Working on tb_subjectivity
	Working on afinn_score
	Working on affin_is_positive
	Working on num_doc
	Working on vader_is_pos
	Working on vader_pos_x_fed_pos
	Working on vader_neg_x_fed_neg
	Working on vader_is_pos_x_fed_pos
	Working on vader_is_neg_x_fed_neg
	Working on textblob_polar_x_fed_pos
	Working on textblob_polar_x_fed_neg
	Working on textblob_is_pos_x_fed_pos
	Working on textblob_is_neg_x_fed_neg
	Working on afinn_score_x_fed_pos
	Working on afinn_score_x_fed_neg
	Working on afinn_is_pos_x_fed_pos
	Working on afinn_is_neg_x_fed_neg
	Working on vader_pos_x_w2v_pos
	Working on vader_neg_x_w2v_neg
	Working on vader_is_pos_x_w2v_pos
	Working on vader_is_neg_x_w2v_neg
	Working on textblob_polar_x_w2v_pos
	Working on textblob_polar_x_w2v_neg
	Working on textblob_is_pos_x_w2v_pos
	Working on textblob_is_neg_x_w2v_neg
	Working on afinn_score_x_w2v_pos
	Working on afinn_score_x_w2v_neg
	Working on afinn_is_pos_x_w2v_pos
	Working on afinn_is_neg_x_w2v_neg
	Working on vader_pos_x_w2v_refined_2_pos
	Working on vader_neg_x_w2v_refined_2_neg
	Working on vader_is_pos_x_w2v_refined_2_pos
	Working on vader_is_neg_x_w2v_refined_2_neg
	Working on textblob_polar_x_w2v_refined_2_pos
	Working on textblob_polar_x_w2v_refined_2_neg
	Working on textblob_is_pos_x_w2v_refined_2_pos
	Working on textblob_is_neg_x_w2v_refined_2_neg
	Working on afinn_score_x_w2v_refined_2_pos
	Working on afinn_score_x_w2v_refined_2_neg
	Working on afinn_is_pos_x_w2v_refined_2_pos
	Working on afinn_is_neg_x_w2v_refined_2_neg
Saved finland at /data/News_data_raw/FT_WD_research/eval/word_defs/indecy_eval/finland_sentiment_eval_on_kr_crisis_def.csv
Working on  indonesia
	Working on fed_pos
	Working on fed_neg
	Working on w2v_pos
	Working on w2v_neg
	Working on w2v_refined_2_pos
	Working on w2v_refined_2_neg
	Working on vader_pos
	Working on vader_neg
	Working on tb_polarity
	Working on tb_is_positive
	Working on tb_subjectivity
	Working on afinn_score
	Working on affin_is_positive
	Working on num_doc
	Working on vader_is_pos
	Working on vader_pos_x_fed_pos
	Working on vader_neg_x_fed_neg
	Working on vader_is_pos_x_fed_pos
	Working on vader_is_neg_x_fed_neg
	Working on textblob_polar_x_fed_pos
	Working on textblob_polar_x_fed_neg
	Working on textblob_is_pos_x_fed_pos
	Working on textblob_is_neg_x_fed_neg
	Working on afinn_score_x_fed_pos
	Working on afinn_score_x_fed_neg
	Working on afinn_is_pos_x_fed_pos
	Working on afinn_is_neg_x_fed_neg
	Working on vader_pos_x_w2v_pos
	Working on vader_neg_x_w2v_neg
	Working on vader_is_pos_x_w2v_pos
	Working on vader_is_neg_x_w2v_neg
	Working on textblob_polar_x_w2v_pos
	Working on textblob_polar_x_w2v_neg
	Working on textblob_is_pos_x_w2v_pos
	Working on textblob_is_neg_x_w2v_neg
	Working on afinn_score_x_w2v_pos
	Working on afinn_score_x_w2v_neg
	Working on afinn_is_pos_x_w2v_pos
	Working on afinn_is_neg_x_w2v_neg
	Working on vader_pos_x_w2v_refined_2_pos
	Working on vader_neg_x_w2v_refined_2_neg
	Working on vader_is_pos_x_w2v_refined_2_pos
	Working on vader_is_neg_x_w2v_refined_2_neg
	Working on textblob_polar_x_w2v_refined_2_pos
	Working on textblob_polar_x_w2v_refined_2_neg
	Working on textblob_is_pos_x_w2v_refined_2_pos
	Working on textblob_is_neg_x_w2v_refined_2_neg
	Working on afinn_score_x_w2v_refined_2_pos
	Working on afinn_score_x_w2v_refined_2_neg
	Working on afinn_is_pos_x_w2v_refined_2_pos
	Working on afinn_is_neg_x_w2v_refined_2_neg
Saved indonesia at /data/News_data_raw/FT_WD_research/eval/word_defs/indecy_eval/indonesia_sentiment_eval_on_kr_crisis_def.csv
Working on  israel
	Working on fed_pos
	Working on fed_neg
	Working on w2v_pos
	Working on w2v_neg
	Working on w2v_refined_2_pos
	Working on w2v_refined_2_neg
	Working on vader_pos
	Working on vader_neg
	Working on tb_polarity
	Working on tb_is_positive
	Working on tb_subjectivity
	Working on afinn_score
	Working on affin_is_positive
	Working on num_doc
	Working on vader_is_pos
	Working on vader_pos_x_fed_pos
	Working on vader_neg_x_fed_neg
	Working on vader_is_pos_x_fed_pos
	Working on vader_is_neg_x_fed_neg
	Working on textblob_polar_x_fed_pos
	Working on textblob_polar_x_fed_neg
	Working on textblob_is_pos_x_fed_pos
	Working on textblob_is_neg_x_fed_neg
	Working on afinn_score_x_fed_pos
	Working on afinn_score_x_fed_neg
	Working on afinn_is_pos_x_fed_pos
	Working on afinn_is_neg_x_fed_neg
	Working on vader_pos_x_w2v_pos
	Working on vader_neg_x_w2v_neg
	Working on vader_is_pos_x_w2v_pos
	Working on vader_is_neg_x_w2v_neg
	Working on textblob_polar_x_w2v_pos
	Working on textblob_polar_x_w2v_neg
	Working on textblob_is_pos_x_w2v_pos
	Working on textblob_is_neg_x_w2v_neg
	Working on afinn_score_x_w2v_pos
	Working on afinn_score_x_w2v_neg
	Working on afinn_is_pos_x_w2v_pos
	Working on afinn_is_neg_x_w2v_neg
	Working on vader_pos_x_w2v_refined_2_pos
	Working on vader_neg_x_w2v_refined_2_neg
	Working on vader_is_pos_x_w2v_refined_2_pos
	Working on vader_is_neg_x_w2v_refined_2_neg
	Working on textblob_polar_x_w2v_refined_2_pos
	Working on textblob_polar_x_w2v_refined_2_neg
	Working on textblob_is_pos_x_w2v_refined_2_pos
	Working on textblob_is_neg_x_w2v_refined_2_neg
	Working on afinn_score_x_w2v_refined_2_pos
	Working on afinn_score_x_w2v_refined_2_neg
	Working on afinn_is_pos_x_w2v_refined_2_pos
	Working on afinn_is_neg_x_w2v_refined_2_neg
Saved israel at /data/News_data_raw/FT_WD_research/eval/word_defs/indecy_eval/israel_sentiment_eval_on_kr_crisis_def.csv
Working on  malaysia
	Working on fed_pos
	Working on fed_neg
	Working on w2v_pos
	Working on w2v_neg
	Working on w2v_refined_2_pos
	Working on w2v_refined_2_neg
	Working on vader_pos
	Working on vader_neg
	Working on tb_polarity
	Working on tb_is_positive
	Working on tb_subjectivity
	Working on afinn_score
	Working on affin_is_positive
	Working on num_doc
	Working on vader_is_pos
	Working on vader_pos_x_fed_pos
	Working on vader_neg_x_fed_neg
	Working on vader_is_pos_x_fed_pos
	Working on vader_is_neg_x_fed_neg
	Working on textblob_polar_x_fed_pos
	Working on textblob_polar_x_fed_neg
	Working on textblob_is_pos_x_fed_pos
	Working on textblob_is_neg_x_fed_neg
	Working on afinn_score_x_fed_pos
	Working on afinn_score_x_fed_neg
	Working on afinn_is_pos_x_fed_pos
	Working on afinn_is_neg_x_fed_neg
	Working on vader_pos_x_w2v_pos
	Working on vader_neg_x_w2v_neg
	Working on vader_is_pos_x_w2v_pos
	Working on vader_is_neg_x_w2v_neg
	Working on textblob_polar_x_w2v_pos
	Working on textblob_polar_x_w2v_neg
	Working on textblob_is_pos_x_w2v_pos
	Working on textblob_is_neg_x_w2v_neg
	Working on afinn_score_x_w2v_pos
	Working on afinn_score_x_w2v_neg
	Working on afinn_is_pos_x_w2v_pos
	Working on afinn_is_neg_x_w2v_neg
	Working on vader_pos_x_w2v_refined_2_pos
	Working on vader_neg_x_w2v_refined_2_neg
	Working on vader_is_pos_x_w2v_refined_2_pos
	Working on vader_is_neg_x_w2v_refined_2_neg
	Working on textblob_polar_x_w2v_refined_2_pos
	Working on textblob_polar_x_w2v_refined_2_neg
	Working on textblob_is_pos_x_w2v_refined_2_pos
	Working on textblob_is_neg_x_w2v_refined_2_neg
	Working on afinn_score_x_w2v_refined_2_pos
	Working on afinn_score_x_w2v_refined_2_neg
	Working on afinn_is_pos_x_w2v_refined_2_pos
	Working on afinn_is_neg_x_w2v_refined_2_neg
Saved malaysia at /data/News_data_raw/FT_WD_research/eval/word_defs/indecy_eval/malaysia_sentiment_eval_on_kr_crisis_def.csv
Working on  mexico
	Working on fed_pos
	Working on fed_neg
	Working on w2v_pos
	Working on w2v_neg
	Working on w2v_refined_2_pos
	Working on w2v_refined_2_neg
	Working on vader_pos
	Working on vader_neg
	Working on tb_polarity
	Working on tb_is_positive
	Working on tb_subjectivity
	Working on afinn_score
	Working on affin_is_positive
	Working on num_doc
	Working on vader_is_pos
	Working on vader_pos_x_fed_pos
	Working on vader_neg_x_fed_neg
	Working on vader_is_pos_x_fed_pos
	Working on vader_is_neg_x_fed_neg
	Working on textblob_polar_x_fed_pos
	Working on textblob_polar_x_fed_neg
	Working on textblob_is_pos_x_fed_pos
	Working on textblob_is_neg_x_fed_neg
	Working on afinn_score_x_fed_pos
	Working on afinn_score_x_fed_neg
	Working on afinn_is_pos_x_fed_pos
	Working on afinn_is_neg_x_fed_neg
	Working on vader_pos_x_w2v_pos
	Working on vader_neg_x_w2v_neg
	Working on vader_is_pos_x_w2v_pos
	Working on vader_is_neg_x_w2v_neg
	Working on textblob_polar_x_w2v_pos
	Working on textblob_polar_x_w2v_neg
	Working on textblob_is_pos_x_w2v_pos
	Working on textblob_is_neg_x_w2v_neg
	Working on afinn_score_x_w2v_pos
	Working on afinn_score_x_w2v_neg
	Working on afinn_is_pos_x_w2v_pos
	Working on afinn_is_neg_x_w2v_neg
	Working on vader_pos_x_w2v_refined_2_pos
	Working on vader_neg_x_w2v_refined_2_neg
	Working on vader_is_pos_x_w2v_refined_2_pos
	Working on vader_is_neg_x_w2v_refined_2_neg
	Working on textblob_polar_x_w2v_refined_2_pos
	Working on textblob_polar_x_w2v_refined_2_neg
	Working on textblob_is_pos_x_w2v_refined_2_pos
	Working on textblob_is_neg_x_w2v_refined_2_neg
	Working on afinn_score_x_w2v_refined_2_pos
	Working on afinn_score_x_w2v_refined_2_neg
	Working on afinn_is_pos_x_w2v_refined_2_pos
	Working on afinn_is_neg_x_w2v_refined_2_neg
Saved mexico at /data/News_data_raw/FT_WD_research/eval/word_defs/indecy_eval/mexico_sentiment_eval_on_kr_crisis_def.csv
Working on  norway
	Working on fed_pos
	Working on fed_neg
	Working on w2v_pos
	Working on w2v_neg
	Working on w2v_refined_2_pos
	Working on w2v_refined_2_neg
	Working on vader_pos
	Working on vader_neg
	Working on tb_polarity
	Working on tb_is_positive
	Working on tb_subjectivity
	Working on afinn_score
	Working on affin_is_positive
	Working on num_doc
	Working on vader_is_pos
	Working on vader_pos_x_fed_pos
	Working on vader_neg_x_fed_neg
	Working on vader_is_pos_x_fed_pos
	Working on vader_is_neg_x_fed_neg
	Working on textblob_polar_x_fed_pos
	Working on textblob_polar_x_fed_neg
	Working on textblob_is_pos_x_fed_pos
	Working on textblob_is_neg_x_fed_neg
	Working on afinn_score_x_fed_pos
	Working on afinn_score_x_fed_neg
	Working on afinn_is_pos_x_fed_pos
	Working on afinn_is_neg_x_fed_neg
	Working on vader_pos_x_w2v_pos
	Working on vader_neg_x_w2v_neg
	Working on vader_is_pos_x_w2v_pos
	Working on vader_is_neg_x_w2v_neg
	Working on textblob_polar_x_w2v_pos
	Working on textblob_polar_x_w2v_neg
	Working on textblob_is_pos_x_w2v_pos
	Working on textblob_is_neg_x_w2v_neg
	Working on afinn_score_x_w2v_pos
	Working on afinn_score_x_w2v_neg
	Working on afinn_is_pos_x_w2v_pos
	Working on afinn_is_neg_x_w2v_neg
	Working on vader_pos_x_w2v_refined_2_pos
	Working on vader_neg_x_w2v_refined_2_neg
	Working on vader_is_pos_x_w2v_refined_2_pos
	Working on vader_is_neg_x_w2v_refined_2_neg
	Working on textblob_polar_x_w2v_refined_2_pos
	Working on textblob_polar_x_w2v_refined_2_neg
	Working on textblob_is_pos_x_w2v_refined_2_pos
	Working on textblob_is_neg_x_w2v_refined_2_neg
	Working on afinn_score_x_w2v_refined_2_pos
	Working on afinn_score_x_w2v_refined_2_neg
	Working on afinn_is_pos_x_w2v_refined_2_pos
	Working on afinn_is_neg_x_w2v_refined_2_neg
Saved norway at /data/News_data_raw/FT_WD_research/eval/word_defs/indecy_eval/norway_sentiment_eval_on_kr_crisis_def.csv
Working on  peru
	Working on fed_pos
	Working on fed_neg
	Working on w2v_pos
	Working on w2v_neg
	Working on w2v_refined_2_pos
	Working on w2v_refined_2_neg
	Working on vader_pos
	Working on vader_neg
	Working on tb_polarity
	Working on tb_is_positive
	Working on tb_subjectivity
	Working on afinn_score
	Working on affin_is_positive
	Working on num_doc
	Working on vader_is_pos
	Working on vader_pos_x_fed_pos
	Working on vader_neg_x_fed_neg
	Working on vader_is_pos_x_fed_pos
	Working on vader_is_neg_x_fed_neg
	Working on textblob_polar_x_fed_pos
	Working on textblob_polar_x_fed_neg
	Working on textblob_is_pos_x_fed_pos
	Working on textblob_is_neg_x_fed_neg
	Working on afinn_score_x_fed_pos
	Working on afinn_score_x_fed_neg
	Working on afinn_is_pos_x_fed_pos
	Working on afinn_is_neg_x_fed_neg
	Working on vader_pos_x_w2v_pos
	Working on vader_neg_x_w2v_neg
	Working on vader_is_pos_x_w2v_pos
	Working on vader_is_neg_x_w2v_neg
	Working on textblob_polar_x_w2v_pos
	Working on textblob_polar_x_w2v_neg
	Working on textblob_is_pos_x_w2v_pos
	Working on textblob_is_neg_x_w2v_neg
	Working on afinn_score_x_w2v_pos
	Working on afinn_score_x_w2v_neg
	Working on afinn_is_pos_x_w2v_pos
	Working on afinn_is_neg_x_w2v_neg
	Working on vader_pos_x_w2v_refined_2_pos
	Working on vader_neg_x_w2v_refined_2_neg
	Working on vader_is_pos_x_w2v_refined_2_pos
	Working on vader_is_neg_x_w2v_refined_2_neg
	Working on textblob_polar_x_w2v_refined_2_pos
	Working on textblob_polar_x_w2v_refined_2_neg
	Working on textblob_is_pos_x_w2v_refined_2_pos
	Working on textblob_is_neg_x_w2v_refined_2_neg
	Working on afinn_score_x_w2v_refined_2_pos
	Working on afinn_score_x_w2v_refined_2_neg
	Working on afinn_is_pos_x_w2v_refined_2_pos
	Working on afinn_is_neg_x_w2v_refined_2_neg
Saved peru at /data/News_data_raw/FT_WD_research/eval/word_defs/indecy_eval/peru_sentiment_eval_on_kr_crisis_def.csv
Working on  philippines
	Working on fed_pos
	Working on fed_neg
	Working on w2v_pos
	Working on w2v_neg
	Working on w2v_refined_2_pos
	Working on w2v_refined_2_neg
	Working on vader_pos
	Working on vader_neg
	Working on tb_polarity
	Working on tb_is_positive
	Working on tb_subjectivity
	Working on afinn_score
	Working on affin_is_positive
	Working on num_doc
	Working on vader_is_pos
	Working on vader_pos_x_fed_pos
	Working on vader_neg_x_fed_neg
	Working on vader_is_pos_x_fed_pos
	Working on vader_is_neg_x_fed_neg
	Working on textblob_polar_x_fed_pos
	Working on textblob_polar_x_fed_neg
	Working on textblob_is_pos_x_fed_pos
	Working on textblob_is_neg_x_fed_neg
	Working on afinn_score_x_fed_pos
	Working on afinn_score_x_fed_neg
	Working on afinn_is_pos_x_fed_pos
	Working on afinn_is_neg_x_fed_neg
	Working on vader_pos_x_w2v_pos
	Working on vader_neg_x_w2v_neg
	Working on vader_is_pos_x_w2v_pos
	Working on vader_is_neg_x_w2v_neg
	Working on textblob_polar_x_w2v_pos
	Working on textblob_polar_x_w2v_neg
	Working on textblob_is_pos_x_w2v_pos
	Working on textblob_is_neg_x_w2v_neg
	Working on afinn_score_x_w2v_pos
	Working on afinn_score_x_w2v_neg
	Working on afinn_is_pos_x_w2v_pos
	Working on afinn_is_neg_x_w2v_neg
	Working on vader_pos_x_w2v_refined_2_pos
	Working on vader_neg_x_w2v_refined_2_neg
	Working on vader_is_pos_x_w2v_refined_2_pos
	Working on vader_is_neg_x_w2v_refined_2_neg
	Working on textblob_polar_x_w2v_refined_2_pos
	Working on textblob_polar_x_w2v_refined_2_neg
	Working on textblob_is_pos_x_w2v_refined_2_pos
	Working on textblob_is_neg_x_w2v_refined_2_neg
	Working on afinn_score_x_w2v_refined_2_pos
	Working on afinn_score_x_w2v_refined_2_neg
	Working on afinn_is_pos_x_w2v_refined_2_pos
	Working on afinn_is_neg_x_w2v_refined_2_neg
Saved philippines at /data/News_data_raw/FT_WD_research/eval/word_defs/indecy_eval/philippines_sentiment_eval_on_kr_crisis_def.csv
Working on  spain
	Working on fed_pos
	Working on fed_neg
	Working on w2v_pos
	Working on w2v_neg
	Working on w2v_refined_2_pos
	Working on w2v_refined_2_neg
	Working on vader_pos
	Working on vader_neg
	Working on tb_polarity
	Working on tb_is_positive
	Working on tb_subjectivity
	Working on afinn_score
	Working on affin_is_positive
	Working on num_doc
	Working on vader_is_pos
	Working on vader_pos_x_fed_pos
	Working on vader_neg_x_fed_neg
	Working on vader_is_pos_x_fed_pos
	Working on vader_is_neg_x_fed_neg
	Working on textblob_polar_x_fed_pos
	Working on textblob_polar_x_fed_neg
	Working on textblob_is_pos_x_fed_pos
	Working on textblob_is_neg_x_fed_neg
	Working on afinn_score_x_fed_pos
	Working on afinn_score_x_fed_neg
	Working on afinn_is_pos_x_fed_pos
	Working on afinn_is_neg_x_fed_neg
	Working on vader_pos_x_w2v_pos
	Working on vader_neg_x_w2v_neg
	Working on vader_is_pos_x_w2v_pos
	Working on vader_is_neg_x_w2v_neg
	Working on textblob_polar_x_w2v_pos
	Working on textblob_polar_x_w2v_neg
	Working on textblob_is_pos_x_w2v_pos
	Working on textblob_is_neg_x_w2v_neg
	Working on afinn_score_x_w2v_pos
	Working on afinn_score_x_w2v_neg
	Working on afinn_is_pos_x_w2v_pos
	Working on afinn_is_neg_x_w2v_neg
	Working on vader_pos_x_w2v_refined_2_pos
	Working on vader_neg_x_w2v_refined_2_neg
	Working on vader_is_pos_x_w2v_refined_2_pos
	Working on vader_is_neg_x_w2v_refined_2_neg
	Working on textblob_polar_x_w2v_refined_2_pos
	Working on textblob_polar_x_w2v_refined_2_neg
	Working on textblob_is_pos_x_w2v_refined_2_pos
	Working on textblob_is_neg_x_w2v_refined_2_neg
	Working on afinn_score_x_w2v_refined_2_pos
	Working on afinn_score_x_w2v_refined_2_neg
	Working on afinn_is_pos_x_w2v_refined_2_pos
	Working on afinn_is_neg_x_w2v_refined_2_neg
Saved spain at /data/News_data_raw/FT_WD_research/eval/word_defs/indecy_eval/spain_sentiment_eval_on_kr_crisis_def.csv
Working on  sweden
	Working on fed_pos
	Working on fed_neg
	Working on w2v_pos
	Working on w2v_neg
	Working on w2v_refined_2_pos
	Working on w2v_refined_2_neg
	Working on vader_pos
	Working on vader_neg
	Working on tb_polarity
	Working on tb_is_positive
	Working on tb_subjectivity
	Working on afinn_score
	Working on affin_is_positive
	Working on num_doc
	Working on vader_is_pos
	Working on vader_pos_x_fed_pos
	Working on vader_neg_x_fed_neg
	Working on vader_is_pos_x_fed_pos
	Working on vader_is_neg_x_fed_neg
	Working on textblob_polar_x_fed_pos
	Working on textblob_polar_x_fed_neg
	Working on textblob_is_pos_x_fed_pos
	Working on textblob_is_neg_x_fed_neg
	Working on afinn_score_x_fed_pos
	Working on afinn_score_x_fed_neg
	Working on afinn_is_pos_x_fed_pos
	Working on afinn_is_neg_x_fed_neg
	Working on vader_pos_x_w2v_pos
	Working on vader_neg_x_w2v_neg
	Working on vader_is_pos_x_w2v_pos
	Working on vader_is_neg_x_w2v_neg
	Working on textblob_polar_x_w2v_pos
	Working on textblob_polar_x_w2v_neg
	Working on textblob_is_pos_x_w2v_pos
	Working on textblob_is_neg_x_w2v_neg
	Working on afinn_score_x_w2v_pos
	Working on afinn_score_x_w2v_neg
	Working on afinn_is_pos_x_w2v_pos
	Working on afinn_is_neg_x_w2v_neg
	Working on vader_pos_x_w2v_refined_2_pos
	Working on vader_neg_x_w2v_refined_2_neg
	Working on vader_is_pos_x_w2v_refined_2_pos
	Working on vader_is_neg_x_w2v_refined_2_neg
	Working on textblob_polar_x_w2v_refined_2_pos
	Working on textblob_polar_x_w2v_refined_2_neg
	Working on textblob_is_pos_x_w2v_refined_2_pos
	Working on textblob_is_neg_x_w2v_refined_2_neg
	Working on afinn_score_x_w2v_refined_2_pos
	Working on afinn_score_x_w2v_refined_2_neg
	Working on afinn_is_pos_x_w2v_refined_2_pos
	Working on afinn_is_neg_x_w2v_refined_2_neg
Saved sweden at /data/News_data_raw/FT_WD_research/eval/word_defs/indecy_eval/sweden_sentiment_eval_on_kr_crisis_def.csv
Working on  thailand
	Working on fed_pos
	Working on fed_neg
	Working on w2v_pos
	Working on w2v_neg
	Working on w2v_refined_2_pos
	Working on w2v_refined_2_neg
	Working on vader_pos
	Working on vader_neg
	Working on tb_polarity
	Working on tb_is_positive
	Working on tb_subjectivity
	Working on afinn_score
	Working on affin_is_positive
	Working on num_doc
	Working on vader_is_pos
	Working on vader_pos_x_fed_pos
	Working on vader_neg_x_fed_neg
	Working on vader_is_pos_x_fed_pos
	Working on vader_is_neg_x_fed_neg
	Working on textblob_polar_x_fed_pos
	Working on textblob_polar_x_fed_neg
	Working on textblob_is_pos_x_fed_pos
	Working on textblob_is_neg_x_fed_neg
	Working on afinn_score_x_fed_pos
	Working on afinn_score_x_fed_neg
	Working on afinn_is_pos_x_fed_pos
	Working on afinn_is_neg_x_fed_neg
	Working on vader_pos_x_w2v_pos
	Working on vader_neg_x_w2v_neg
	Working on vader_is_pos_x_w2v_pos
	Working on vader_is_neg_x_w2v_neg
	Working on textblob_polar_x_w2v_pos
	Working on textblob_polar_x_w2v_neg
	Working on textblob_is_pos_x_w2v_pos
	Working on textblob_is_neg_x_w2v_neg
	Working on afinn_score_x_w2v_pos
	Working on afinn_score_x_w2v_neg
	Working on afinn_is_pos_x_w2v_pos
	Working on afinn_is_neg_x_w2v_neg
	Working on vader_pos_x_w2v_refined_2_pos
	Working on vader_neg_x_w2v_refined_2_neg
	Working on vader_is_pos_x_w2v_refined_2_pos
	Working on vader_is_neg_x_w2v_refined_2_neg
	Working on textblob_polar_x_w2v_refined_2_pos
	Working on textblob_polar_x_w2v_refined_2_neg
	Working on textblob_is_pos_x_w2v_refined_2_pos
	Working on textblob_is_neg_x_w2v_refined_2_neg
	Working on afinn_score_x_w2v_refined_2_pos
	Working on afinn_score_x_w2v_refined_2_neg
	Working on afinn_is_pos_x_w2v_refined_2_pos
	Working on afinn_is_neg_x_w2v_refined_2_neg
Saved thailand at /data/News_data_raw/FT_WD_research/eval/word_defs/indecy_eval/thailand_sentiment_eval_on_kr_crisis_def.csv
Working on  turkey
	Working on fed_pos
	Working on fed_neg
	Working on w2v_pos
	Working on w2v_neg
	Working on w2v_refined_2_pos
	Working on w2v_refined_2_neg
	Working on vader_pos
	Working on vader_neg
	Working on tb_polarity
	Working on tb_is_positive
	Working on tb_subjectivity
	Working on afinn_score
	Working on affin_is_positive
	Working on num_doc
	Working on vader_is_pos
	Working on vader_pos_x_fed_pos
	Working on vader_neg_x_fed_neg
	Working on vader_is_pos_x_fed_pos
	Working on vader_is_neg_x_fed_neg
	Working on textblob_polar_x_fed_pos
	Working on textblob_polar_x_fed_neg
	Working on textblob_is_pos_x_fed_pos
	Working on textblob_is_neg_x_fed_neg
	Working on afinn_score_x_fed_pos
	Working on afinn_score_x_fed_neg
	Working on afinn_is_pos_x_fed_pos
	Working on afinn_is_neg_x_fed_neg
	Working on vader_pos_x_w2v_pos
	Working on vader_neg_x_w2v_neg
	Working on vader_is_pos_x_w2v_pos
	Working on vader_is_neg_x_w2v_neg
	Working on textblob_polar_x_w2v_pos
	Working on textblob_polar_x_w2v_neg
	Working on textblob_is_pos_x_w2v_pos
	Working on textblob_is_neg_x_w2v_neg
	Working on afinn_score_x_w2v_pos
	Working on afinn_score_x_w2v_neg
	Working on afinn_is_pos_x_w2v_pos
	Working on afinn_is_neg_x_w2v_neg
	Working on vader_pos_x_w2v_refined_2_pos
	Working on vader_neg_x_w2v_refined_2_neg
	Working on vader_is_pos_x_w2v_refined_2_pos
	Working on vader_is_neg_x_w2v_refined_2_neg
	Working on textblob_polar_x_w2v_refined_2_pos
	Working on textblob_polar_x_w2v_refined_2_neg
	Working on textblob_is_pos_x_w2v_refined_2_pos
	Working on textblob_is_neg_x_w2v_refined_2_neg
	Working on afinn_score_x_w2v_refined_2_pos
	Working on afinn_score_x_w2v_refined_2_neg
	Working on afinn_is_pos_x_w2v_refined_2_pos
	Working on afinn_is_neg_x_w2v_refined_2_neg
Saved turkey at /data/News_data_raw/FT_WD_research/eval/word_defs/indecy_eval/turkey_sentiment_eval_on_kr_crisis_def.csv
Working on  uruguay
	Working on fed_pos
	Working on fed_neg
	Working on w2v_pos
	Working on w2v_neg
	Working on w2v_refined_2_pos
	Working on w2v_refined_2_neg
	Working on vader_pos
	Working on vader_neg
	Working on tb_polarity
	Working on tb_is_positive
	Working on tb_subjectivity
	Working on afinn_score
	Working on affin_is_positive
	Working on num_doc
	Working on vader_is_pos
	Working on vader_pos_x_fed_pos
	Working on vader_neg_x_fed_neg
	Working on vader_is_pos_x_fed_pos
	Working on vader_is_neg_x_fed_neg
	Working on textblob_polar_x_fed_pos
	Working on textblob_polar_x_fed_neg
	Working on textblob_is_pos_x_fed_pos
	Working on textblob_is_neg_x_fed_neg
	Working on afinn_score_x_fed_pos
	Working on afinn_score_x_fed_neg
	Working on afinn_is_pos_x_fed_pos
	Working on afinn_is_neg_x_fed_neg
	Working on vader_pos_x_w2v_pos
	Working on vader_neg_x_w2v_neg
	Working on vader_is_pos_x_w2v_pos
	Working on vader_is_neg_x_w2v_neg
	Working on textblob_polar_x_w2v_pos
	Working on textblob_polar_x_w2v_neg
	Working on textblob_is_pos_x_w2v_pos
	Working on textblob_is_neg_x_w2v_neg
	Working on afinn_score_x_w2v_pos
	Working on afinn_score_x_w2v_neg
	Working on afinn_is_pos_x_w2v_pos
	Working on afinn_is_neg_x_w2v_neg
	Working on vader_pos_x_w2v_refined_2_pos
	Working on vader_neg_x_w2v_refined_2_neg
	Working on vader_is_pos_x_w2v_refined_2_pos
	Working on vader_is_neg_x_w2v_refined_2_neg
	Working on textblob_polar_x_w2v_refined_2_pos
	Working on textblob_polar_x_w2v_refined_2_neg
	Working on textblob_is_pos_x_w2v_refined_2_pos
	Working on textblob_is_neg_x_w2v_refined_2_neg
	Working on afinn_score_x_w2v_refined_2_pos
	Working on afinn_score_x_w2v_refined_2_neg
	Working on afinn_is_pos_x_w2v_refined_2_pos
	Working on afinn_is_neg_x_w2v_refined_2_neg
Saved uruguay at /data/News_data_raw/FT_WD_research/eval/word_defs/indecy_eval/uruguay_sentiment_eval_on_kr_crisis_def.csv
Working on  venezuela
	Working on fed_pos
	Working on fed_neg
	Working on w2v_pos
	Working on w2v_neg
	Working on w2v_refined_2_pos
	Working on w2v_refined_2_neg
	Working on vader_pos
	Working on vader_neg
	Working on tb_polarity
	Working on tb_is_positive
	Working on tb_subjectivity
	Working on afinn_score
	Working on affin_is_positive
	Working on num_doc
	Working on vader_is_pos
	Working on vader_pos_x_fed_pos
	Working on vader_neg_x_fed_neg
	Working on vader_is_pos_x_fed_pos
	Working on vader_is_neg_x_fed_neg
	Working on textblob_polar_x_fed_pos
	Working on textblob_polar_x_fed_neg
	Working on textblob_is_pos_x_fed_pos
	Working on textblob_is_neg_x_fed_neg
	Working on afinn_score_x_fed_pos
	Working on afinn_score_x_fed_neg
	Working on afinn_is_pos_x_fed_pos
	Working on afinn_is_neg_x_fed_neg
	Working on vader_pos_x_w2v_pos
	Working on vader_neg_x_w2v_neg
	Working on vader_is_pos_x_w2v_pos
	Working on vader_is_neg_x_w2v_neg
	Working on textblob_polar_x_w2v_pos
	Working on textblob_polar_x_w2v_neg
	Working on textblob_is_pos_x_w2v_pos
	Working on textblob_is_neg_x_w2v_neg
	Working on afinn_score_x_w2v_pos
	Working on afinn_score_x_w2v_neg
	Working on afinn_is_pos_x_w2v_pos
	Working on afinn_is_neg_x_w2v_neg
	Working on vader_pos_x_w2v_refined_2_pos
	Working on vader_neg_x_w2v_refined_2_neg
	Working on vader_is_pos_x_w2v_refined_2_pos
	Working on vader_is_neg_x_w2v_refined_2_neg
	Working on textblob_polar_x_w2v_refined_2_pos
	Working on textblob_polar_x_w2v_refined_2_neg
	Working on textblob_is_pos_x_w2v_refined_2_pos
	Working on textblob_is_neg_x_w2v_refined_2_neg
	Working on afinn_score_x_w2v_refined_2_pos
	Working on afinn_score_x_w2v_refined_2_neg
	Working on afinn_is_pos_x_w2v_refined_2_pos
	Working on afinn_is_neg_x_w2v_refined_2_neg
Saved venezuela at /data/News_data_raw/FT_WD_research/eval/word_defs/indecy_eval/venezuela_sentiment_eval_on_kr_crisis_def.csv
Saved overall stats for relevant countries, kr crisis definitions saved at /data/News_data_raw/FT_WD_research/eval/word_defs/indecy_eval/all_country_overall_sentiment_kr_eval.csv
Saved overall stats for relevant countries, all definitions saved at /data/News_data_raw/FT_WD_research/eval/word_defs/indecy_eval/all_country_all_defs_overall_sentiment_eval.csv


Countries with no data:
 []
